This file contains any messages produced by compilers while
running configure, to aid debugging if configure makes a mistake.

It was created by universal-ctags configure 0.0.0, which was
generated by GNU Autoconf 2.69.  Invocation command line was

  $ /home/yuanping/.vim/plugged/ctags/configure 

## --------- ##
## Platform. ##
## --------- ##

hostname = yuanping
uname -m = x86_64
uname -r = 4.15.15-1-ARCH
uname -s = Linux
uname -v = #1 SMP PREEMPT Sat Mar 31 23:59:25 UTC 2018

/usr/bin/uname -p = unknown
/bin/uname -X     = unknown

/bin/arch              = unknown
/usr/bin/arch -k       = unknown
/usr/convex/getsysinfo = unknown
/usr/bin/hostinfo      = unknown
/bin/machine           = unknown
/usr/bin/oslevel       = unknown
/bin/universe          = unknown

PATH: /home/yuanping/Software/cmake/bin
PATH: /usr/local/mysql/bin
PATH: /home/yuanping/Software/lean
PATH: /home/yuanping/Software/SDK/platform-tools
PATH: /home/yuanping/Software/groovy-3.0.0/bin
PATH: /usr/local/gradle-4.1/bin
PATH: /home/yuanping/Software/jdk1.8/bin
PATH: /usr/local/sbin
PATH: /usr/local/bin
PATH: /usr/bin
PATH: /usr/bin/site_perl
PATH: /usr/bin/vendor_perl
PATH: /usr/bin/core_perl


## ----------- ##
## Core tests. ##
## ----------- ##

configure:2446: checking for a BSD-compatible install
configure:2514: result: /usr/bin/install -c
configure:2525: checking whether build environment is sane
configure:2580: result: yes
configure:2731: checking for a thread-safe mkdir -p
configure:2770: result: /usr/bin/mkdir -p
configure:2777: checking for gawk
configure:2793: found /usr/bin/gawk
configure:2804: result: gawk
configure:2815: checking whether make sets $(MAKE)
configure:2837: result: yes
configure:2866: checking whether make supports nested variables
configure:2883: result: yes
configure:2972: checking whether UID '1000' is supported by ustar format
configure:2975: result: yes
configure:2982: checking whether GID '1000' is supported by ustar format
configure:2985: result: yes
configure:2993: checking how to create a ustar tar archive
configure:3004: tar --version
tar (GNU tar) 1.30
Copyright (C) 2017 Free Software Foundation, Inc.
License GPLv3+: GNU GPL version 3 or later <https://gnu.org/licenses/gpl.html>.
This is free software: you are free to change and redistribute it.
There is NO WARRANTY, to the extent permitted by law.

Written by John Gilmore and Jay Fenlason.
configure:3007: $? = 0
configure:3047: tardir=conftest.dir && eval tar --format=ustar -chf - "$tardir" >conftest.tar
configure:3050: $? = 0
configure:3054: tar -xf - <conftest.tar
configure:3057: $? = 0
configure:3059: cat conftest.dir/file
GrepMe
configure:3062: $? = 0
configure:3075: result: gnutar
configure:3136: checking whether make supports nested variables
configure:3153: result: yes
configure:3179: checking build system type
configure:3193: result: x86_64-pc-linux-gnu
configure:3213: checking host system type
configure:3226: result: x86_64-pc-linux-gnu
configure:3496: checking for gcc
configure:3512: found /usr/bin/gcc
configure:3523: result: gcc
configure:3752: checking for C compiler version
configure:3761: gcc --version >&5
gcc (GCC) 7.3.1 20180312
Copyright (C) 2017 Free Software Foundation, Inc.
This is free software; see the source for copying conditions.  There is NO
warranty; not even for MERCHANTABILITY or FITNESS FOR A PARTICULAR PURPOSE.

configure:3772: $? = 0
configure:3761: gcc -v >&5
Using built-in specs.
COLLECT_GCC=gcc
COLLECT_LTO_WRAPPER=/usr/lib/gcc/x86_64-pc-linux-gnu/7.3.1/lto-wrapper
Target: x86_64-pc-linux-gnu
Configured with: /build/gcc/src/gcc/configure --prefix=/usr --libdir=/usr/lib --libexecdir=/usr/lib --mandir=/usr/share/man --infodir=/usr/share/info --with-bugurl=https://bugs.archlinux.org/ --enable-languages=c,c++,ada,fortran,go,lto,objc,obj-c++ --enable-shared --enable-threads=posix --enable-libmpx --with-system-zlib --with-isl --enable-__cxa_atexit --disable-libunwind-exceptions --enable-clocale=gnu --disable-libstdcxx-pch --disable-libssp --enable-gnu-unique-object --enable-linker-build-id --enable-lto --enable-plugin --enable-install-libiberty --with-linker-hash-style=gnu --enable-gnu-indirect-function --enable-multilib --disable-werror --enable-checking=release --enable-default-pie --enable-default-ssp
Thread model: posix
gcc version 7.3.1 20180312 (GCC) 
configure:3772: $? = 0
configure:3761: gcc -V >&5
gcc: error: unrecognized command line option '-V'
gcc: fatal error: no input files
compilation terminated.
configure:3772: $? = 1
configure:3761: gcc -qversion >&5
gcc: error: unrecognized command line option '-qversion'; did you mean '--version'?
gcc: fatal error: no input files
compilation terminated.
configure:3772: $? = 1
configure:3792: checking whether the C compiler works
configure:3814: gcc    conftest.c  >&5
configure:3818: $? = 0
configure:3866: result: yes
configure:3869: checking for C compiler default output file name
configure:3871: result: a.out
configure:3877: checking for suffix of executables
configure:3884: gcc -o conftest    conftest.c  >&5
configure:3888: $? = 0
configure:3910: result: 
configure:3932: checking whether we are cross compiling
configure:3940: gcc -o conftest    conftest.c  >&5
configure:3944: $? = 0
configure:3951: ./conftest
configure:3955: $? = 0
configure:3970: result: no
configure:3975: checking for suffix of object files
configure:3997: gcc -c   conftest.c >&5
configure:4001: $? = 0
configure:4022: result: o
configure:4026: checking whether we are using the GNU C compiler
configure:4045: gcc -c   conftest.c >&5
configure:4045: $? = 0
configure:4054: result: yes
configure:4063: checking whether gcc accepts -g
configure:4083: gcc -c -g  conftest.c >&5
configure:4083: $? = 0
configure:4124: result: yes
configure:4141: checking for gcc option to accept ISO C89
configure:4204: gcc  -c -g -O2  conftest.c >&5
configure:4204: $? = 0
configure:4217: result: none needed
configure:4242: checking whether gcc understands -c and -o together
configure:4264: gcc -c conftest.c -o conftest2.o
configure:4267: $? = 0
configure:4264: gcc -c conftest.c -o conftest2.o
configure:4267: $? = 0
configure:4279: result: yes
configure:4307: checking for style of include used by make
configure:4335: result: GNU
configure:4361: checking dependency style of gcc
configure:4472: result: gcc3
configure:4487: checking for gcc option to accept ISO C99
configure:4636: gcc  -c -g -O2  conftest.c >&5
configure:4636: $? = 0
configure:4649: result: none needed
configure:4670: checking how to run the C preprocessor
configure:4701: gcc -E  conftest.c
configure:4701: $? = 0
configure:4715: gcc -E  conftest.c
conftest.c:13:10: fatal error: ac_nonexistent.h: No such file or directory
 #include <ac_nonexistent.h>
          ^~~~~~~~~~~~~~~~~~
compilation terminated.
configure:4715: $? = 1
configure: failed program was:
| /* confdefs.h */
| #define PACKAGE_NAME "universal-ctags"
| #define PACKAGE_TARNAME "universal-ctags"
| #define PACKAGE_VERSION "0.0.0"
| #define PACKAGE_STRING "universal-ctags 0.0.0"
| #define PACKAGE_BUGREPORT ""
| #define PACKAGE_URL ""
| #define PACKAGE "universal-ctags"
| #define VERSION "0.0.0"
| #define DEFAULT_FILE_FORMAT 2
| #define ETAGS "etags"
| /* end confdefs.h.  */
| #include <ac_nonexistent.h>
configure:4740: result: gcc -E
configure:4760: gcc -E  conftest.c
configure:4760: $? = 0
configure:4774: gcc -E  conftest.c
conftest.c:13:10: fatal error: ac_nonexistent.h: No such file or directory
 #include <ac_nonexistent.h>
          ^~~~~~~~~~~~~~~~~~
compilation terminated.
configure:4774: $? = 1
configure: failed program was:
| /* confdefs.h */
| #define PACKAGE_NAME "universal-ctags"
| #define PACKAGE_TARNAME "universal-ctags"
| #define PACKAGE_VERSION "0.0.0"
| #define PACKAGE_STRING "universal-ctags 0.0.0"
| #define PACKAGE_BUGREPORT ""
| #define PACKAGE_URL ""
| #define PACKAGE "universal-ctags"
| #define VERSION "0.0.0"
| #define DEFAULT_FILE_FORMAT 2
| #define ETAGS "etags"
| /* end confdefs.h.  */
| #include <ac_nonexistent.h>
configure:4803: checking for grep that handles long lines and -e
configure:4861: result: /usr/bin/grep
configure:4866: checking for egrep
configure:4928: result: /usr/bin/grep -E
configure:4933: checking for ANSI C header files
configure:4953: gcc -c -g -O2  conftest.c >&5
configure:4953: $? = 0
configure:5026: gcc -o conftest -g -O2   conftest.c  >&5
configure:5026: $? = 0
configure:5026: ./conftest
configure:5026: $? = 0
configure:5037: result: yes
configure:5050: checking for sys/types.h
configure:5050: gcc -c -g -O2  conftest.c >&5
configure:5050: $? = 0
configure:5050: result: yes
configure:5050: checking for sys/stat.h
configure:5050: gcc -c -g -O2  conftest.c >&5
configure:5050: $? = 0
configure:5050: result: yes
configure:5050: checking for stdlib.h
configure:5050: gcc -c -g -O2  conftest.c >&5
configure:5050: $? = 0
configure:5050: result: yes
configure:5050: checking for string.h
configure:5050: gcc -c -g -O2  conftest.c >&5
configure:5050: $? = 0
configure:5050: result: yes
configure:5050: checking for memory.h
configure:5050: gcc -c -g -O2  conftest.c >&5
configure:5050: $? = 0
configure:5050: result: yes
configure:5050: checking for strings.h
configure:5050: gcc -c -g -O2  conftest.c >&5
configure:5050: $? = 0
configure:5050: result: yes
configure:5050: checking for inttypes.h
configure:5050: gcc -c -g -O2  conftest.c >&5
configure:5050: $? = 0
configure:5050: result: yes
configure:5050: checking for stdint.h
configure:5050: gcc -c -g -O2  conftest.c >&5
configure:5050: $? = 0
configure:5050: result: yes
configure:5050: checking for unistd.h
configure:5050: gcc -c -g -O2  conftest.c >&5
configure:5050: $? = 0
configure:5050: result: yes
configure:5062: checking whether byte ordering is bigendian
configure:5077: gcc -c -g -O2  conftest.c >&5
conftest.c:24:9: error: unknown type name 'not'
         not a universal capable compiler
         ^~~
conftest.c:24:15: error: expected '=', ',', ';', 'asm' or '__attribute__' before 'universal'
         not a universal capable compiler
               ^~~~~~~~~
conftest.c:24:15: error: unknown type name 'universal'
configure:5077: $? = 1
configure: failed program was:
| /* confdefs.h */
| #define PACKAGE_NAME "universal-ctags"
| #define PACKAGE_TARNAME "universal-ctags"
| #define PACKAGE_VERSION "0.0.0"
| #define PACKAGE_STRING "universal-ctags 0.0.0"
| #define PACKAGE_BUGREPORT ""
| #define PACKAGE_URL ""
| #define PACKAGE "universal-ctags"
| #define VERSION "0.0.0"
| #define DEFAULT_FILE_FORMAT 2
| #define ETAGS "etags"
| #define STDC_HEADERS 1
| #define HAVE_SYS_TYPES_H 1
| #define HAVE_SYS_STAT_H 1
| #define HAVE_STDLIB_H 1
| #define HAVE_STRING_H 1
| #define HAVE_MEMORY_H 1
| #define HAVE_STRINGS_H 1
| #define HAVE_INTTYPES_H 1
| #define HAVE_STDINT_H 1
| #define HAVE_UNISTD_H 1
| /* end confdefs.h.  */
| #ifndef __APPLE_CC__
| 	       not a universal capable compiler
| 	     #endif
| 	     typedef int dummy;
| 
configure:5122: gcc -c -g -O2  conftest.c >&5
configure:5122: $? = 0
configure:5140: gcc -c -g -O2  conftest.c >&5
conftest.c: In function 'main':
conftest.c:30:4: error: unknown type name 'not'; did you mean 'ino_t'?
    not big endian
    ^~~
    ino_t
conftest.c:30:12: error: expected '=', ',', ';', 'asm' or '__attribute__' before 'endian'
    not big endian
            ^~~~~~
configure:5140: $? = 1
configure: failed program was:
| /* confdefs.h */
| #define PACKAGE_NAME "universal-ctags"
| #define PACKAGE_TARNAME "universal-ctags"
| #define PACKAGE_VERSION "0.0.0"
| #define PACKAGE_STRING "universal-ctags 0.0.0"
| #define PACKAGE_BUGREPORT ""
| #define PACKAGE_URL ""
| #define PACKAGE "universal-ctags"
| #define VERSION "0.0.0"
| #define DEFAULT_FILE_FORMAT 2
| #define ETAGS "etags"
| #define STDC_HEADERS 1
| #define HAVE_SYS_TYPES_H 1
| #define HAVE_SYS_STAT_H 1
| #define HAVE_STDLIB_H 1
| #define HAVE_STRING_H 1
| #define HAVE_MEMORY_H 1
| #define HAVE_STRINGS_H 1
| #define HAVE_INTTYPES_H 1
| #define HAVE_STDINT_H 1
| #define HAVE_UNISTD_H 1
| /* end confdefs.h.  */
| #include <sys/types.h>
| 		#include <sys/param.h>
| 
| int
| main ()
| {
| #if BYTE_ORDER != BIG_ENDIAN
| 		 not big endian
| 		#endif
| 
|   ;
|   return 0;
| }
configure:5268: result: no
configure:5314: checking whether ln -s works
configure:5318: result: yes
configure:5327: checking for strip
configure:5343: found /usr/bin/strip
configure:5355: result: strip
configure:5370: checking for special C compiler options needed for large files
configure:5415: result: no
configure:5421: checking for _FILE_OFFSET_BITS value needed for large files
configure:5446: gcc -c -g -O2  conftest.c >&5
configure:5446: $? = 0
configure:5478: result: no
configure:5568: checking for perl
configure:5598: result: no
configure:5620: checking for rst2man
configure:5653: result: no
configure:5620: checking for rst2man.py
configure:5653: result: no
configure:5620: checking for rst2man3
configure:5653: result: no
configure:5620: checking for rst2man3.py
configure:5653: result: no
configure:5674: checking building in a git repository
configure:5679: result: yes
configure:5686: checking for git
configure:5702: found /usr/bin/git
configure:5713: result: git
configure:5741: checking for timeout
configure:5757: found /usr/bin/timeout
configure:5768: result: timeout
configure:5793: checking directory to use for temporary files
configure:5809: result: /tmp
configure:5820: checking for case-insensitive filenames
configure:5829: result: no
configure:5834: checking selected sort method
configure:5840: result: external sort utility
configure:5845: checking for sort
configure:5861: found /usr/bin/sort
configure:5873: result: yes
configure:5882: checking if sort accepts our command line
configure:5890: result: yes
configure:5911: checking dirent.h usability
configure:5911: gcc -c -g -O2  conftest.c >&5
configure:5911: $? = 0
configure:5911: result: yes
configure:5911: checking dirent.h presence
configure:5911: gcc -E  conftest.c
configure:5911: $? = 0
configure:5911: result: yes
configure:5911: checking for dirent.h
configure:5911: result: yes
configure:5911: checking errno.h usability
configure:5911: gcc -c -g -O2  conftest.c >&5
configure:5911: $? = 0
configure:5911: result: yes
configure:5911: checking errno.h presence
configure:5911: gcc -E  conftest.c
configure:5911: $? = 0
configure:5911: result: yes
configure:5911: checking for errno.h
configure:5911: result: yes
configure:5911: checking fcntl.h usability
configure:5911: gcc -c -g -O2  conftest.c >&5
configure:5911: $? = 0
configure:5911: result: yes
configure:5911: checking fcntl.h presence
configure:5911: gcc -E  conftest.c
configure:5911: $? = 0
configure:5911: result: yes
configure:5911: checking for fcntl.h
configure:5911: result: yes
configure:5911: checking io.h usability
configure:5911: gcc -c -g -O2  conftest.c >&5
conftest.c:61:10: fatal error: io.h: No such file or directory
 #include <io.h>
          ^~~~~~
compilation terminated.
configure:5911: $? = 1
configure: failed program was:
| /* confdefs.h */
| #define PACKAGE_NAME "universal-ctags"
| #define PACKAGE_TARNAME "universal-ctags"
| #define PACKAGE_VERSION "0.0.0"
| #define PACKAGE_STRING "universal-ctags 0.0.0"
| #define PACKAGE_BUGREPORT ""
| #define PACKAGE_URL ""
| #define PACKAGE "universal-ctags"
| #define VERSION "0.0.0"
| #define DEFAULT_FILE_FORMAT 2
| #define ETAGS "etags"
| #define STDC_HEADERS 1
| #define HAVE_SYS_TYPES_H 1
| #define HAVE_SYS_STAT_H 1
| #define HAVE_STDLIB_H 1
| #define HAVE_STRING_H 1
| #define HAVE_MEMORY_H 1
| #define HAVE_STRINGS_H 1
| #define HAVE_INTTYPES_H 1
| #define HAVE_STDINT_H 1
| #define HAVE_UNISTD_H 1
| #define TMPDIR "/tmp"
| #define EXTERNAL_SORT 1
| #define HAVE_DIRENT_H 1
| #define HAVE_ERRNO_H 1
| #define HAVE_FCNTL_H 1
| /* end confdefs.h.  */
| #include <stdio.h>
| #ifdef HAVE_SYS_TYPES_H
| # include <sys/types.h>
| #endif
| #ifdef HAVE_SYS_STAT_H
| # include <sys/stat.h>
| #endif
| #ifdef STDC_HEADERS
| # include <stdlib.h>
| # include <stddef.h>
| #else
| # ifdef HAVE_STDLIB_H
| #  include <stdlib.h>
| # endif
| #endif
| #ifdef HAVE_STRING_H
| # if !defined STDC_HEADERS && defined HAVE_MEMORY_H
| #  include <memory.h>
| # endif
| # include <string.h>
| #endif
| #ifdef HAVE_STRINGS_H
| # include <strings.h>
| #endif
| #ifdef HAVE_INTTYPES_H
| # include <inttypes.h>
| #endif
| #ifdef HAVE_STDINT_H
| # include <stdint.h>
| #endif
| #ifdef HAVE_UNISTD_H
| # include <unistd.h>
| #endif
| #include <io.h>
configure:5911: result: no
configure:5911: checking io.h presence
configure:5911: gcc -E  conftest.c
conftest.c:28:10: fatal error: io.h: No such file or directory
 #include <io.h>
          ^~~~~~
compilation terminated.
configure:5911: $? = 1
configure: failed program was:
| /* confdefs.h */
| #define PACKAGE_NAME "universal-ctags"
| #define PACKAGE_TARNAME "universal-ctags"
| #define PACKAGE_VERSION "0.0.0"
| #define PACKAGE_STRING "universal-ctags 0.0.0"
| #define PACKAGE_BUGREPORT ""
| #define PACKAGE_URL ""
| #define PACKAGE "universal-ctags"
| #define VERSION "0.0.0"
| #define DEFAULT_FILE_FORMAT 2
| #define ETAGS "etags"
| #define STDC_HEADERS 1
| #define HAVE_SYS_TYPES_H 1
| #define HAVE_SYS_STAT_H 1
| #define HAVE_STDLIB_H 1
| #define HAVE_STRING_H 1
| #define HAVE_MEMORY_H 1
| #define HAVE_STRINGS_H 1
| #define HAVE_INTTYPES_H 1
| #define HAVE_STDINT_H 1
| #define HAVE_UNISTD_H 1
| #define TMPDIR "/tmp"
| #define EXTERNAL_SORT 1
| #define HAVE_DIRENT_H 1
| #define HAVE_ERRNO_H 1
| #define HAVE_FCNTL_H 1
| /* end confdefs.h.  */
| #include <io.h>
configure:5911: result: no
configure:5911: checking for io.h
configure:5911: result: no
configure:5911: checking limits.h usability
configure:5911: gcc -c -g -O2  conftest.c >&5
configure:5911: $? = 0
configure:5911: result: yes
configure:5911: checking limits.h presence
configure:5911: gcc -E  conftest.c
configure:5911: $? = 0
configure:5911: result: yes
configure:5911: checking for limits.h
configure:5911: result: yes
configure:5911: checking stat.h usability
configure:5911: gcc -c -g -O2  conftest.c >&5
conftest.c:62:10: fatal error: stat.h: No such file or directory
 #include <stat.h>
          ^~~~~~~~
compilation terminated.
configure:5911: $? = 1
configure: failed program was:
| /* confdefs.h */
| #define PACKAGE_NAME "universal-ctags"
| #define PACKAGE_TARNAME "universal-ctags"
| #define PACKAGE_VERSION "0.0.0"
| #define PACKAGE_STRING "universal-ctags 0.0.0"
| #define PACKAGE_BUGREPORT ""
| #define PACKAGE_URL ""
| #define PACKAGE "universal-ctags"
| #define VERSION "0.0.0"
| #define DEFAULT_FILE_FORMAT 2
| #define ETAGS "etags"
| #define STDC_HEADERS 1
| #define HAVE_SYS_TYPES_H 1
| #define HAVE_SYS_STAT_H 1
| #define HAVE_STDLIB_H 1
| #define HAVE_STRING_H 1
| #define HAVE_MEMORY_H 1
| #define HAVE_STRINGS_H 1
| #define HAVE_INTTYPES_H 1
| #define HAVE_STDINT_H 1
| #define HAVE_UNISTD_H 1
| #define TMPDIR "/tmp"
| #define EXTERNAL_SORT 1
| #define HAVE_DIRENT_H 1
| #define HAVE_ERRNO_H 1
| #define HAVE_FCNTL_H 1
| #define HAVE_LIMITS_H 1
| /* end confdefs.h.  */
| #include <stdio.h>
| #ifdef HAVE_SYS_TYPES_H
| # include <sys/types.h>
| #endif
| #ifdef HAVE_SYS_STAT_H
| # include <sys/stat.h>
| #endif
| #ifdef STDC_HEADERS
| # include <stdlib.h>
| # include <stddef.h>
| #else
| # ifdef HAVE_STDLIB_H
| #  include <stdlib.h>
| # endif
| #endif
| #ifdef HAVE_STRING_H
| # if !defined STDC_HEADERS && defined HAVE_MEMORY_H
| #  include <memory.h>
| # endif
| # include <string.h>
| #endif
| #ifdef HAVE_STRINGS_H
| # include <strings.h>
| #endif
| #ifdef HAVE_INTTYPES_H
| # include <inttypes.h>
| #endif
| #ifdef HAVE_STDINT_H
| # include <stdint.h>
| #endif
| #ifdef HAVE_UNISTD_H
| # include <unistd.h>
| #endif
| #include <stat.h>
configure:5911: result: no
configure:5911: checking stat.h presence
configure:5911: gcc -E  conftest.c
conftest.c:29:10: fatal error: stat.h: No such file or directory
 #include <stat.h>
          ^~~~~~~~
compilation terminated.
configure:5911: $? = 1
configure: failed program was:
| /* confdefs.h */
| #define PACKAGE_NAME "universal-ctags"
| #define PACKAGE_TARNAME "universal-ctags"
| #define PACKAGE_VERSION "0.0.0"
| #define PACKAGE_STRING "universal-ctags 0.0.0"
| #define PACKAGE_BUGREPORT ""
| #define PACKAGE_URL ""
| #define PACKAGE "universal-ctags"
| #define VERSION "0.0.0"
| #define DEFAULT_FILE_FORMAT 2
| #define ETAGS "etags"
| #define STDC_HEADERS 1
| #define HAVE_SYS_TYPES_H 1
| #define HAVE_SYS_STAT_H 1
| #define HAVE_STDLIB_H 1
| #define HAVE_STRING_H 1
| #define HAVE_MEMORY_H 1
| #define HAVE_STRINGS_H 1
| #define HAVE_INTTYPES_H 1
| #define HAVE_STDINT_H 1
| #define HAVE_UNISTD_H 1
| #define TMPDIR "/tmp"
| #define EXTERNAL_SORT 1
| #define HAVE_DIRENT_H 1
| #define HAVE_ERRNO_H 1
| #define HAVE_FCNTL_H 1
| #define HAVE_LIMITS_H 1
| /* end confdefs.h.  */
| #include <stat.h>
configure:5911: result: no
configure:5911: checking for stat.h
configure:5911: result: no
configure:5911: checking for stdlib.h
configure:5911: result: yes
configure:5911: checking for string.h
configure:5911: result: yes
configure:5924: checking time.h usability
configure:5924: gcc -c -g -O2  conftest.c >&5
configure:5924: $? = 0
configure:5924: result: yes
configure:5924: checking time.h presence
configure:5924: gcc -E  conftest.c
configure:5924: $? = 0
configure:5924: result: yes
configure:5924: checking for time.h
configure:5924: result: yes
configure:5924: checking types.h usability
configure:5924: gcc -c -g -O2  conftest.c >&5
conftest.c:65:10: fatal error: types.h: No such file or directory
 #include <types.h>
          ^~~~~~~~~
compilation terminated.
configure:5924: $? = 1
configure: failed program was:
| /* confdefs.h */
| #define PACKAGE_NAME "universal-ctags"
| #define PACKAGE_TARNAME "universal-ctags"
| #define PACKAGE_VERSION "0.0.0"
| #define PACKAGE_STRING "universal-ctags 0.0.0"
| #define PACKAGE_BUGREPORT ""
| #define PACKAGE_URL ""
| #define PACKAGE "universal-ctags"
| #define VERSION "0.0.0"
| #define DEFAULT_FILE_FORMAT 2
| #define ETAGS "etags"
| #define STDC_HEADERS 1
| #define HAVE_SYS_TYPES_H 1
| #define HAVE_SYS_STAT_H 1
| #define HAVE_STDLIB_H 1
| #define HAVE_STRING_H 1
| #define HAVE_MEMORY_H 1
| #define HAVE_STRINGS_H 1
| #define HAVE_INTTYPES_H 1
| #define HAVE_STDINT_H 1
| #define HAVE_UNISTD_H 1
| #define TMPDIR "/tmp"
| #define EXTERNAL_SORT 1
| #define HAVE_DIRENT_H 1
| #define HAVE_ERRNO_H 1
| #define HAVE_FCNTL_H 1
| #define HAVE_LIMITS_H 1
| #define HAVE_STDLIB_H 1
| #define HAVE_STRING_H 1
| #define HAVE_TIME_H 1
| /* end confdefs.h.  */
| #include <stdio.h>
| #ifdef HAVE_SYS_TYPES_H
| # include <sys/types.h>
| #endif
| #ifdef HAVE_SYS_STAT_H
| # include <sys/stat.h>
| #endif
| #ifdef STDC_HEADERS
| # include <stdlib.h>
| # include <stddef.h>
| #else
| # ifdef HAVE_STDLIB_H
| #  include <stdlib.h>
| # endif
| #endif
| #ifdef HAVE_STRING_H
| # if !defined STDC_HEADERS && defined HAVE_MEMORY_H
| #  include <memory.h>
| # endif
| # include <string.h>
| #endif
| #ifdef HAVE_STRINGS_H
| # include <strings.h>
| #endif
| #ifdef HAVE_INTTYPES_H
| # include <inttypes.h>
| #endif
| #ifdef HAVE_STDINT_H
| # include <stdint.h>
| #endif
| #ifdef HAVE_UNISTD_H
| # include <unistd.h>
| #endif
| #include <types.h>
configure:5924: result: no
configure:5924: checking types.h presence
configure:5924: gcc -E  conftest.c
conftest.c:32:10: fatal error: types.h: No such file or directory
 #include <types.h>
          ^~~~~~~~~
compilation terminated.
configure:5924: $? = 1
configure: failed program was:
| /* confdefs.h */
| #define PACKAGE_NAME "universal-ctags"
| #define PACKAGE_TARNAME "universal-ctags"
| #define PACKAGE_VERSION "0.0.0"
| #define PACKAGE_STRING "universal-ctags 0.0.0"
| #define PACKAGE_BUGREPORT ""
| #define PACKAGE_URL ""
| #define PACKAGE "universal-ctags"
| #define VERSION "0.0.0"
| #define DEFAULT_FILE_FORMAT 2
| #define ETAGS "etags"
| #define STDC_HEADERS 1
| #define HAVE_SYS_TYPES_H 1
| #define HAVE_SYS_STAT_H 1
| #define HAVE_STDLIB_H 1
| #define HAVE_STRING_H 1
| #define HAVE_MEMORY_H 1
| #define HAVE_STRINGS_H 1
| #define HAVE_INTTYPES_H 1
| #define HAVE_STDINT_H 1
| #define HAVE_UNISTD_H 1
| #define TMPDIR "/tmp"
| #define EXTERNAL_SORT 1
| #define HAVE_DIRENT_H 1
| #define HAVE_ERRNO_H 1
| #define HAVE_FCNTL_H 1
| #define HAVE_LIMITS_H 1
| #define HAVE_STDLIB_H 1
| #define HAVE_STRING_H 1
| #define HAVE_TIME_H 1
| /* end confdefs.h.  */
| #include <types.h>
configure:5924: result: no
configure:5924: checking for types.h
configure:5924: result: no
configure:5924: checking for unistd.h
configure:5924: result: yes
configure:5937: checking sys/dir.h usability
configure:5937: gcc -c -g -O2  conftest.c >&5
configure:5937: $? = 0
configure:5937: result: yes
configure:5937: checking sys/dir.h presence
configure:5937: gcc -E  conftest.c
configure:5937: $? = 0
configure:5937: result: yes
configure:5937: checking for sys/dir.h
configure:5937: result: yes
configure:5937: checking for sys/stat.h
configure:5937: result: yes
configure:5937: checking sys/times.h usability
configure:5937: gcc -c -g -O2  conftest.c >&5
configure:5937: $? = 0
configure:5937: result: yes
configure:5937: checking sys/times.h presence
configure:5937: gcc -E  conftest.c
configure:5937: $? = 0
configure:5937: result: yes
configure:5937: checking for sys/times.h
configure:5937: result: yes
configure:5937: checking for sys/types.h
configure:5937: result: yes
configure:5937: checking sys/wait.h usability
configure:5937: gcc -c -g -O2  conftest.c >&5
configure:5937: $? = 0
configure:5937: result: yes
configure:5937: checking sys/wait.h presence
configure:5937: gcc -E  conftest.c
configure:5937: $? = 0
configure:5937: result: yes
configure:5937: checking for sys/wait.h
configure:5937: result: yes
configure:5952: checking if L_tmpnam is defined in stdio.h
configure:5966: result: yes
configure:5982: checking if INT_MAX is defined in limits.h
configure:5996: result: yes
configure:6043: checking for size_t
configure:6043: gcc -c -g -O2  conftest.c >&5
configure:6043: $? = 0
configure:6043: gcc -c -g -O2  conftest.c >&5
conftest.c: In function 'main':
conftest.c:74:21: error: expected expression before ')' token
 if (sizeof ((size_t)))
                     ^
configure:6043: $? = 1
configure: failed program was:
| /* confdefs.h */
| #define PACKAGE_NAME "universal-ctags"
| #define PACKAGE_TARNAME "universal-ctags"
| #define PACKAGE_VERSION "0.0.0"
| #define PACKAGE_STRING "universal-ctags 0.0.0"
| #define PACKAGE_BUGREPORT ""
| #define PACKAGE_URL ""
| #define PACKAGE "universal-ctags"
| #define VERSION "0.0.0"
| #define DEFAULT_FILE_FORMAT 2
| #define ETAGS "etags"
| #define STDC_HEADERS 1
| #define HAVE_SYS_TYPES_H 1
| #define HAVE_SYS_STAT_H 1
| #define HAVE_STDLIB_H 1
| #define HAVE_STRING_H 1
| #define HAVE_MEMORY_H 1
| #define HAVE_STRINGS_H 1
| #define HAVE_INTTYPES_H 1
| #define HAVE_STDINT_H 1
| #define HAVE_UNISTD_H 1
| #define TMPDIR "/tmp"
| #define EXTERNAL_SORT 1
| #define HAVE_DIRENT_H 1
| #define HAVE_ERRNO_H 1
| #define HAVE_FCNTL_H 1
| #define HAVE_LIMITS_H 1
| #define HAVE_STDLIB_H 1
| #define HAVE_STRING_H 1
| #define HAVE_TIME_H 1
| #define HAVE_UNISTD_H 1
| #define HAVE_SYS_DIR_H 1
| #define HAVE_SYS_STAT_H 1
| #define HAVE_SYS_TIMES_H 1
| #define HAVE_SYS_TYPES_H 1
| #define HAVE_SYS_WAIT_H 1
| /* end confdefs.h.  */
| #include <stdio.h>
| #ifdef HAVE_SYS_TYPES_H
| # include <sys/types.h>
| #endif
| #ifdef HAVE_SYS_STAT_H
| # include <sys/stat.h>
| #endif
| #ifdef STDC_HEADERS
| # include <stdlib.h>
| # include <stddef.h>
| #else
| # ifdef HAVE_STDLIB_H
| #  include <stdlib.h>
| # endif
| #endif
| #ifdef HAVE_STRING_H
| # if !defined STDC_HEADERS && defined HAVE_MEMORY_H
| #  include <memory.h>
| # endif
| # include <string.h>
| #endif
| #ifdef HAVE_STRINGS_H
| # include <strings.h>
| #endif
| #ifdef HAVE_INTTYPES_H
| # include <inttypes.h>
| #endif
| #ifdef HAVE_STDINT_H
| # include <stdint.h>
| #endif
| #ifdef HAVE_UNISTD_H
| # include <unistd.h>
| #endif
| int
| main ()
| {
| if (sizeof ((size_t)))
| 	    return 0;
|   ;
|   return 0;
| }
configure:6043: result: yes
configure:6054: checking for off_t
configure:6054: gcc -c -g -O2  conftest.c >&5
configure:6054: $? = 0
configure:6054: gcc -c -g -O2  conftest.c >&5
conftest.c: In function 'main':
conftest.c:74:20: error: expected expression before ')' token
 if (sizeof ((off_t)))
                    ^
configure:6054: $? = 1
configure: failed program was:
| /* confdefs.h */
| #define PACKAGE_NAME "universal-ctags"
| #define PACKAGE_TARNAME "universal-ctags"
| #define PACKAGE_VERSION "0.0.0"
| #define PACKAGE_STRING "universal-ctags 0.0.0"
| #define PACKAGE_BUGREPORT ""
| #define PACKAGE_URL ""
| #define PACKAGE "universal-ctags"
| #define VERSION "0.0.0"
| #define DEFAULT_FILE_FORMAT 2
| #define ETAGS "etags"
| #define STDC_HEADERS 1
| #define HAVE_SYS_TYPES_H 1
| #define HAVE_SYS_STAT_H 1
| #define HAVE_STDLIB_H 1
| #define HAVE_STRING_H 1
| #define HAVE_MEMORY_H 1
| #define HAVE_STRINGS_H 1
| #define HAVE_INTTYPES_H 1
| #define HAVE_STDINT_H 1
| #define HAVE_UNISTD_H 1
| #define TMPDIR "/tmp"
| #define EXTERNAL_SORT 1
| #define HAVE_DIRENT_H 1
| #define HAVE_ERRNO_H 1
| #define HAVE_FCNTL_H 1
| #define HAVE_LIMITS_H 1
| #define HAVE_STDLIB_H 1
| #define HAVE_STRING_H 1
| #define HAVE_TIME_H 1
| #define HAVE_UNISTD_H 1
| #define HAVE_SYS_DIR_H 1
| #define HAVE_SYS_STAT_H 1
| #define HAVE_SYS_TIMES_H 1
| #define HAVE_SYS_TYPES_H 1
| #define HAVE_SYS_WAIT_H 1
| /* end confdefs.h.  */
| #include <stdio.h>
| #ifdef HAVE_SYS_TYPES_H
| # include <sys/types.h>
| #endif
| #ifdef HAVE_SYS_STAT_H
| # include <sys/stat.h>
| #endif
| #ifdef STDC_HEADERS
| # include <stdlib.h>
| # include <stddef.h>
| #else
| # ifdef HAVE_STDLIB_H
| #  include <stdlib.h>
| # endif
| #endif
| #ifdef HAVE_STRING_H
| # if !defined STDC_HEADERS && defined HAVE_MEMORY_H
| #  include <memory.h>
| # endif
| # include <string.h>
| #endif
| #ifdef HAVE_STRINGS_H
| # include <strings.h>
| #endif
| #ifdef HAVE_INTTYPES_H
| # include <inttypes.h>
| #endif
| #ifdef HAVE_STDINT_H
| # include <stdint.h>
| #endif
| #ifdef HAVE_UNISTD_H
| # include <unistd.h>
| #endif
| int
| main ()
| {
| if (sizeof ((off_t)))
| 	    return 0;
|   ;
|   return 0;
| }
configure:6054: result: yes
configure:6066: checking for fpos_t
configure:6075: result: yes
configure:6088: checking for clock_t
configure:6097: result: yes
configure:6112: checking stdbool.h usability
configure:6112: gcc -c -g -O2  conftest.c >&5
configure:6112: $? = 0
configure:6112: result: yes
configure:6112: checking stdbool.h presence
configure:6112: gcc -E  conftest.c
configure:6112: $? = 0
configure:6112: result: yes
configure:6112: checking for stdbool.h
configure:6112: result: yes
configure:6158: checking for an ANSI C-conforming const
configure:6224: gcc -c -g -O2  conftest.c >&5
configure:6224: $? = 0
configure:6231: result: yes
configure:6254: checking if struct stat contains st_ino
configure:6275: gcc -c -g -O2  conftest.c >&5
configure:6275: $? = 0
configure:6281: result: yes
configure:6331: checking for fnmatch
configure:6331: gcc -o conftest -g -O2   conftest.c  >&5
configure:6331: $? = 0
configure:6331: result: yes
configure:6355: checking fnmatch.h usability
configure:6355: gcc -c -g -O2  conftest.c >&5
configure:6355: $? = 0
configure:6355: result: yes
configure:6355: checking fnmatch.h presence
configure:6355: gcc -E  conftest.c
configure:6355: $? = 0
configure:6355: result: yes
configure:6355: checking for fnmatch.h
configure:6355: result: yes
configure:6376: checking for asprintf
configure:6376: gcc -o conftest -g -O2   conftest.c  >&5
configure:6376: $? = 0
configure:6376: result: yes
configure:6387: checking for strstr
configure:6387: gcc -o conftest -g -O2   conftest.c  >&5
conftest.c:67:6: warning: conflicting types for built-in function 'strstr' [-Wbuiltin-declaration-mismatch]
 char strstr ();
      ^~~~~~
configure:6387: $? = 0
configure:6387: result: yes
configure:6399: checking for strcasecmp
configure:6399: gcc -o conftest -g -O2   conftest.c  >&5
conftest.c:68:6: warning: conflicting types for built-in function 'strcasecmp' [-Wbuiltin-declaration-mismatch]
 char strcasecmp ();
      ^~~~~~~~~~
configure:6399: $? = 0
configure:6399: result: yes
configure:6411: checking for strncasecmp
configure:6411: gcc -o conftest -g -O2   conftest.c  >&5
conftest.c:69:6: warning: conflicting types for built-in function 'strncasecmp' [-Wbuiltin-declaration-mismatch]
 char strncasecmp ();
      ^~~~~~~~~~~
configure:6411: $? = 0
configure:6411: result: yes
configure:6422: checking for fgetpos
configure:6422: gcc -o conftest -g -O2   conftest.c  >&5
configure:6422: $? = 0
configure:6422: result: yes
configure:6434: checking for mkstemp
configure:6434: gcc -o conftest -g -O2   conftest.c  >&5
configure:6434: $? = 0
configure:6434: result: yes
configure:6477: checking for opendir
configure:6477: gcc -o conftest -g -O2   conftest.c  >&5
configure:6477: $? = 0
configure:6477: result: yes
configure:6488: checking for strerror
configure:6488: gcc -o conftest -g -O2   conftest.c  >&5
configure:6488: $? = 0
configure:6488: result: yes
configure:6500: checking for clock
configure:6500: gcc -o conftest -g -O2   conftest.c  >&5
configure:6500: $? = 0
configure:6500: result: yes
configure:6511: checking for remove
configure:6511: gcc -o conftest -g -O2   conftest.c  >&5
configure:6511: $? = 0
configure:6511: result: yes
configure:6553: checking for truncate
configure:6553: gcc -o conftest -g -O2   conftest.c  >&5
configure:6553: $? = 0
configure:6553: result: yes
configure:6592: checking for setenv
configure:6592: gcc -o conftest -g -O2   conftest.c  >&5
configure:6592: $? = 0
configure:6592: result: yes
configure:6654: checking for regcomp
configure:6654: gcc -o conftest -g -O2   conftest.c  >&5
configure:6654: $? = 0
configure:6654: result: yes
configure:6660: checking if regcomp works
configure:6677: gcc -o conftest -g -O2   conftest.c  >&5
configure:6677: $? = 0
configure:6677: ./conftest
configure:6677: $? = 0
configure:6686: result: yes
configure:6721: checking for scandir
configure:6721: gcc -o conftest -g -O2   conftest.c  >&5
configure:6721: $? = 0
configure:6721: result: yes
configure:6734: checking for dirent.h
configure:6734: result: yes
configure:6806: checking for pkg-config
configure:6824: found /usr/bin/pkg-config
configure:6836: result: /usr/bin/pkg-config
configure:6861: checking pkg-config is at least version 0.9.0
configure:6864: result: yes
configure:6876: checking for libxml-2.0 >= 2.7.7
configure:6883: $PKG_CONFIG --exists --print-errors "libxml-2.0 >= 2.7.7"
configure:6886: $? = 0
configure:6900: $PKG_CONFIG --exists --print-errors "libxml-2.0 >= 2.7.7"
configure:6903: $? = 0
configure:6947: result: yes
configure:6975: checking for jansson
configure:6982: $PKG_CONFIG --exists --print-errors "jansson"
configure:6985: $? = 0
configure:6999: $PKG_CONFIG --exists --print-errors "jansson"
configure:7002: $? = 0
configure:7046: result: yes
configure:7073: checking for libseccomp
configure:7080: $PKG_CONFIG --exists --print-errors "libseccomp"
configure:7083: $? = 0
configure:7097: $PKG_CONFIG --exists --print-errors "libseccomp"
configure:7100: $? = 0
configure:7144: result: yes
configure:7164: checking for yaml-0.1
configure:7171: $PKG_CONFIG --exists --print-errors "yaml-0.1"
configure:7174: $? = 0
configure:7188: $PKG_CONFIG --exists --print-errors "yaml-0.1"
configure:7191: $? = 0
configure:7235: result: yes
configure:7262: checking for aspell
configure:7269: $PKG_CONFIG --exists --print-errors "aspell"
Package aspell was not found in the pkg-config search path.
Perhaps you should add the directory containing `aspell.pc'
to the PKG_CONFIG_PATH environment variable
No package 'aspell' found
configure:7272: $? = 1
configure:7286: $PKG_CONFIG --exists --print-errors "aspell"
Package aspell was not found in the pkg-config search path.
Perhaps you should add the directory containing `aspell.pc'
to the PKG_CONFIG_PATH environment variable
No package 'aspell' found
configure:7289: $? = 1
configure:7303: result: no
No package 'aspell' found
configure:7345: checking for new missing prototypes
configure:7563: checking for iconv_open or libiconv_open with -liconv
configure:7578: gcc -o conftest -g -O2   conftest.c  -lxml2 -ljansson -lseccomp -lyaml  -liconv >&5
/usr/bin/ld: cannot find -liconv
collect2: error: ld returned 1 exit status
configure:7578: $? = 1
configure: failed program was:
| /* confdefs.h */
| #define PACKAGE_NAME "universal-ctags"
| #define PACKAGE_TARNAME "universal-ctags"
| #define PACKAGE_VERSION "0.0.0"
| #define PACKAGE_STRING "universal-ctags 0.0.0"
| #define PACKAGE_BUGREPORT ""
| #define PACKAGE_URL ""
| #define PACKAGE "universal-ctags"
| #define VERSION "0.0.0"
| #define DEFAULT_FILE_FORMAT 2
| #define ETAGS "etags"
| #define STDC_HEADERS 1
| #define HAVE_SYS_TYPES_H 1
| #define HAVE_SYS_STAT_H 1
| #define HAVE_STDLIB_H 1
| #define HAVE_STRING_H 1
| #define HAVE_MEMORY_H 1
| #define HAVE_STRINGS_H 1
| #define HAVE_INTTYPES_H 1
| #define HAVE_STDINT_H 1
| #define HAVE_UNISTD_H 1
| #define TMPDIR "/tmp"
| #define EXTERNAL_SORT 1
| #define HAVE_DIRENT_H 1
| #define HAVE_ERRNO_H 1
| #define HAVE_FCNTL_H 1
| #define HAVE_LIMITS_H 1
| #define HAVE_STDLIB_H 1
| #define HAVE_STRING_H 1
| #define HAVE_TIME_H 1
| #define HAVE_UNISTD_H 1
| #define HAVE_SYS_DIR_H 1
| #define HAVE_SYS_STAT_H 1
| #define HAVE_SYS_TIMES_H 1
| #define HAVE_SYS_TYPES_H 1
| #define HAVE_SYS_WAIT_H 1
| #define HAVE_STDBOOL_H 1
| #define USE_STDBOOL_H 1
| #define HAVE_STAT_ST_INO 1
| #define HAVE_FNMATCH 1
| #define HAVE_FNMATCH_H 1
| #define HAVE_ASPRINTF 1
| #define HAVE_STRSTR 1
| #define HAVE_STRCASECMP 1
| #define HAVE_STRNCASECMP 1
| #define HAVE_FGETPOS 1
| #define HAVE_MKSTEMP 1
| #define HAVE_OPENDIR 1
| #define HAVE_STRERROR 1
| #define HAVE_CLOCK 1
| #define HAVE_REMOVE 1
| #define HAVE_TRUNCATE 1
| #define HAVE_SETENV 1
| #define HAVE_REGCOMP 1
| #define HAVE_SCANDIR 1
| #define HAVE_DIRENT_H 1
| #define HAVE_LIBXML 1
| #define HAVE_JANSSON 1
| #define HAVE_SECCOMP 1
| #define HAVE_LIBYAML 1
| /* end confdefs.h.  */
| 
| 			#include <iconv.h>
| 
| int
| main ()
| {
| iconv_open("fr", "to")
|   ;
|   return 0;
| }
configure:7604: gcc -o conftest -g -O2   conftest.c  -lxml2 -ljansson -lseccomp -lyaml  -liconv >&5
conftest.c: In function 'main':
conftest.c:68:1: warning: implicit declaration of function 'libiconv_open'; did you mean 'iconv_open'? [-Wimplicit-function-declaration]
 libiconv_open("fr", "to")
 ^~~~~~~~~~~~~
 iconv_open
/usr/bin/ld: cannot find -liconv
collect2: error: ld returned 1 exit status
configure:7604: $? = 1
configure: failed program was:
| /* confdefs.h */
| #define PACKAGE_NAME "universal-ctags"
| #define PACKAGE_TARNAME "universal-ctags"
| #define PACKAGE_VERSION "0.0.0"
| #define PACKAGE_STRING "universal-ctags 0.0.0"
| #define PACKAGE_BUGREPORT ""
| #define PACKAGE_URL ""
| #define PACKAGE "universal-ctags"
| #define VERSION "0.0.0"
| #define DEFAULT_FILE_FORMAT 2
| #define ETAGS "etags"
| #define STDC_HEADERS 1
| #define HAVE_SYS_TYPES_H 1
| #define HAVE_SYS_STAT_H 1
| #define HAVE_STDLIB_H 1
| #define HAVE_STRING_H 1
| #define HAVE_MEMORY_H 1
| #define HAVE_STRINGS_H 1
| #define HAVE_INTTYPES_H 1
| #define HAVE_STDINT_H 1
| #define HAVE_UNISTD_H 1
| #define TMPDIR "/tmp"
| #define EXTERNAL_SORT 1
| #define HAVE_DIRENT_H 1
| #define HAVE_ERRNO_H 1
| #define HAVE_FCNTL_H 1
| #define HAVE_LIMITS_H 1
| #define HAVE_STDLIB_H 1
| #define HAVE_STRING_H 1
| #define HAVE_TIME_H 1
| #define HAVE_UNISTD_H 1
| #define HAVE_SYS_DIR_H 1
| #define HAVE_SYS_STAT_H 1
| #define HAVE_SYS_TIMES_H 1
| #define HAVE_SYS_TYPES_H 1
| #define HAVE_SYS_WAIT_H 1
| #define HAVE_STDBOOL_H 1
| #define USE_STDBOOL_H 1
| #define HAVE_STAT_ST_INO 1
| #define HAVE_FNMATCH 1
| #define HAVE_FNMATCH_H 1
| #define HAVE_ASPRINTF 1
| #define HAVE_STRSTR 1
| #define HAVE_STRCASECMP 1
| #define HAVE_STRNCASECMP 1
| #define HAVE_FGETPOS 1
| #define HAVE_MKSTEMP 1
| #define HAVE_OPENDIR 1
| #define HAVE_STRERROR 1
| #define HAVE_CLOCK 1
| #define HAVE_REMOVE 1
| #define HAVE_TRUNCATE 1
| #define HAVE_SETENV 1
| #define HAVE_REGCOMP 1
| #define HAVE_SCANDIR 1
| #define HAVE_DIRENT_H 1
| #define HAVE_LIBXML 1
| #define HAVE_JANSSON 1
| #define HAVE_SECCOMP 1
| #define HAVE_LIBYAML 1
| /* end confdefs.h.  */
| 
| 		#include <iconv.h>
| 
| int
| main ()
| {
| libiconv_open("fr", "to")
|   ;
|   return 0;
| }
configure:7620: result: no
configure:7622: checking for iconv_open
configure:7622: gcc -o conftest -g -O2   conftest.c  >&5
configure:7622: $? = 0
configure:7622: result: yes
configure:7649: checking whether __environ is declared
configure:7649: gcc -c -g -O2  conftest.c >&5
configure:7649: $? = 0
configure:7649: result: yes
configure:7663: checking whether _NSGetEnviron is declared
configure:7663: gcc -c -g -O2  conftest.c >&5
conftest.c:65:10: fatal error: crt_externs.h: No such file or directory
 #include <crt_externs.h>
          ^~~~~~~~~~~~~~~
compilation terminated.
configure:7663: $? = 1
configure: failed program was:
| /* confdefs.h */
| #define PACKAGE_NAME "universal-ctags"
| #define PACKAGE_TARNAME "universal-ctags"
| #define PACKAGE_VERSION "0.0.0"
| #define PACKAGE_STRING "universal-ctags 0.0.0"
| #define PACKAGE_BUGREPORT ""
| #define PACKAGE_URL ""
| #define PACKAGE "universal-ctags"
| #define VERSION "0.0.0"
| #define DEFAULT_FILE_FORMAT 2
| #define ETAGS "etags"
| #define STDC_HEADERS 1
| #define HAVE_SYS_TYPES_H 1
| #define HAVE_SYS_STAT_H 1
| #define HAVE_STDLIB_H 1
| #define HAVE_STRING_H 1
| #define HAVE_MEMORY_H 1
| #define HAVE_STRINGS_H 1
| #define HAVE_INTTYPES_H 1
| #define HAVE_STDINT_H 1
| #define HAVE_UNISTD_H 1
| #define TMPDIR "/tmp"
| #define EXTERNAL_SORT 1
| #define HAVE_DIRENT_H 1
| #define HAVE_ERRNO_H 1
| #define HAVE_FCNTL_H 1
| #define HAVE_LIMITS_H 1
| #define HAVE_STDLIB_H 1
| #define HAVE_STRING_H 1
| #define HAVE_TIME_H 1
| #define HAVE_UNISTD_H 1
| #define HAVE_SYS_DIR_H 1
| #define HAVE_SYS_STAT_H 1
| #define HAVE_SYS_TIMES_H 1
| #define HAVE_SYS_TYPES_H 1
| #define HAVE_SYS_WAIT_H 1
| #define HAVE_STDBOOL_H 1
| #define USE_STDBOOL_H 1
| #define HAVE_STAT_ST_INO 1
| #define HAVE_FNMATCH 1
| #define HAVE_FNMATCH_H 1
| #define HAVE_ASPRINTF 1
| #define HAVE_STRSTR 1
| #define HAVE_STRCASECMP 1
| #define HAVE_STRNCASECMP 1
| #define HAVE_FGETPOS 1
| #define HAVE_MKSTEMP 1
| #define HAVE_OPENDIR 1
| #define HAVE_STRERROR 1
| #define HAVE_CLOCK 1
| #define HAVE_REMOVE 1
| #define HAVE_TRUNCATE 1
| #define HAVE_SETENV 1
| #define HAVE_REGCOMP 1
| #define HAVE_SCANDIR 1
| #define HAVE_DIRENT_H 1
| #define HAVE_LIBXML 1
| #define HAVE_JANSSON 1
| #define HAVE_SECCOMP 1
| #define HAVE_LIBYAML 1
| #define HAVE_ICONV 1
| #define HAVE_DECL___ENVIRON 1
| /* end confdefs.h.  */
| 
| #include <crt_externs.h>
| 
| 
| int
| main ()
| {
| #ifndef _NSGetEnviron
| #ifdef __cplusplus
|   (void) _NSGetEnviron;
| #else
|   (void) _NSGetEnviron;
| #endif
| #endif
| 
|   ;
|   return 0;
| }
configure:7663: result: no
configure:7693: checking for mblen
configure:7693: gcc -o conftest -g -O2   conftest.c  >&5
configure:7693: $? = 0
configure:7693: result: yes
configure:7815: checking that generated files are newer than configure
configure:7821: result: done
configure:7897: creating ./config.status

## ---------------------- ##
## Running config.status. ##
## ---------------------- ##

This file was extended by universal-ctags config.status 0.0.0, which was
generated by GNU Autoconf 2.69.  Invocation command line was

  CONFIG_FILES    = 
  CONFIG_HEADERS  = 
  CONFIG_LINKS    = 
  CONFIG_COMMANDS = 
  $ ./config.status 

on yuanping

config.status:966: creating Makefile
config.status:966: creating man/ctags.1.rst
config.status:966: creating man/ctags-incompatibilities.7.rst
config.status:966: creating man/ctags-optlib.7.rst
config.status:966: creating config.h
config.status:1195: executing depfiles commands

## ---------------- ##
## Cache variables. ##
## ---------------- ##

ac_cv_build=x86_64-pc-linux-gnu
ac_cv_c_bigendian=no
ac_cv_c_compiler_gnu=yes
ac_cv_c_const=yes
ac_cv_env_ASPELL_CFLAGS_set=
ac_cv_env_ASPELL_CFLAGS_value=
ac_cv_env_ASPELL_LIBS_set=
ac_cv_env_ASPELL_LIBS_value=
ac_cv_env_CC_set=
ac_cv_env_CC_value=
ac_cv_env_CFLAGS_set=
ac_cv_env_CFLAGS_value=
ac_cv_env_CGCC_CFLAGS_set=
ac_cv_env_CGCC_CFLAGS_value=
ac_cv_env_CPPFLAGS_set=
ac_cv_env_CPPFLAGS_value=
ac_cv_env_CPP_set=
ac_cv_env_CPP_value=
ac_cv_env_DEBUG_CPPFLAGS_set=
ac_cv_env_DEBUG_CPPFLAGS_value=
ac_cv_env_EXTRA_CFLAGS_set=
ac_cv_env_EXTRA_CFLAGS_value=
ac_cv_env_EXTRA_CPPFLAGS_set=
ac_cv_env_EXTRA_CPPFLAGS_value=
ac_cv_env_JANSSON_CFLAGS_set=
ac_cv_env_JANSSON_CFLAGS_value=
ac_cv_env_JANSSON_LIBS_set=
ac_cv_env_JANSSON_LIBS_value=
ac_cv_env_LDFLAGS_set=
ac_cv_env_LDFLAGS_value=
ac_cv_env_LIBS_set=
ac_cv_env_LIBS_value=
ac_cv_env_LIBXML_CFLAGS_set=
ac_cv_env_LIBXML_CFLAGS_value=
ac_cv_env_LIBXML_LIBS_set=
ac_cv_env_LIBXML_LIBS_value=
ac_cv_env_LIBYAML_CFLAGS_set=
ac_cv_env_LIBYAML_CFLAGS_value=
ac_cv_env_LIBYAML_LIBS_set=
ac_cv_env_LIBYAML_LIBS_value=
ac_cv_env_PKG_CONFIG_LIBDIR_set=
ac_cv_env_PKG_CONFIG_LIBDIR_value=
ac_cv_env_PKG_CONFIG_PATH_set=
ac_cv_env_PKG_CONFIG_PATH_value=
ac_cv_env_PKG_CONFIG_set=
ac_cv_env_PKG_CONFIG_value=
ac_cv_env_SECCOMP_CFLAGS_set=
ac_cv_env_SECCOMP_CFLAGS_value=
ac_cv_env_SECCOMP_LIBS_set=
ac_cv_env_SECCOMP_LIBS_value=
ac_cv_env_WARNING_CFLAGS_set=
ac_cv_env_WARNING_CFLAGS_value=
ac_cv_env_build_alias_set=
ac_cv_env_build_alias_value=
ac_cv_env_host_alias_set=
ac_cv_env_host_alias_value=
ac_cv_env_target_alias_set=
ac_cv_env_target_alias_value=
ac_cv_func_asprintf=yes
ac_cv_func_clock=yes
ac_cv_func_fgetpos=yes
ac_cv_func_fnmatch=yes
ac_cv_func_iconv_open=yes
ac_cv_func_mblen=yes
ac_cv_func_mkstemp=yes
ac_cv_func_opendir=yes
ac_cv_func_regcomp=yes
ac_cv_func_remove=yes
ac_cv_func_scandir=yes
ac_cv_func_setenv=yes
ac_cv_func_strcasecmp=yes
ac_cv_func_strerror=yes
ac_cv_func_strncasecmp=yes
ac_cv_func_strstr=yes
ac_cv_func_truncate=yes
ac_cv_have_decl__NSGetEnviron=no
ac_cv_have_decl___environ=yes
ac_cv_header_dirent_h=yes
ac_cv_header_errno_h=yes
ac_cv_header_fcntl_h=yes
ac_cv_header_fnmatch_h=yes
ac_cv_header_inttypes_h=yes
ac_cv_header_io_h=no
ac_cv_header_limits_h=yes
ac_cv_header_memory_h=yes
ac_cv_header_stat_h=no
ac_cv_header_stdbool_h=yes
ac_cv_header_stdc=yes
ac_cv_header_stdint_h=yes
ac_cv_header_stdlib_h=yes
ac_cv_header_string_h=yes
ac_cv_header_strings_h=yes
ac_cv_header_sys_dir_h=yes
ac_cv_header_sys_stat_h=yes
ac_cv_header_sys_times_h=yes
ac_cv_header_sys_types_h=yes
ac_cv_header_sys_wait_h=yes
ac_cv_header_time_h=yes
ac_cv_header_types_h=no
ac_cv_header_unistd_h=yes
ac_cv_host=x86_64-pc-linux-gnu
ac_cv_objext=o
ac_cv_path_EGREP='/usr/bin/grep -E'
ac_cv_path_GREP=/usr/bin/grep
ac_cv_path_ac_pt_PKG_CONFIG=/usr/bin/pkg-config
ac_cv_path_install='/usr/bin/install -c'
ac_cv_path_mkdir=/usr/bin/mkdir
ac_cv_prog_AWK=gawk
ac_cv_prog_CPP='gcc -E'
ac_cv_prog_GIT=git
ac_cv_prog_STRIP=strip
ac_cv_prog_TESTING_TIMEOUT=timeout
ac_cv_prog_ac_ct_CC=gcc
ac_cv_prog_cc_c89=
ac_cv_prog_cc_c99=
ac_cv_prog_cc_g=yes
ac_cv_prog_make_make_set=yes
ac_cv_prog_sort_found=yes
ac_cv_sys_file_offset_bits=no
ac_cv_sys_largefile_CC=no
ac_cv_type_off_t=yes
ac_cv_type_size_t=yes
am_cv_CC_dependencies_compiler_type=gcc3
am_cv_make_support_nested_variables=yes
am_cv_prog_cc_c_o=yes
am_cv_prog_tar_ustar=gnutar
pkg_cv_JANSSON_CFLAGS=
pkg_cv_JANSSON_LIBS=-ljansson
pkg_cv_LIBXML_CFLAGS=-I/usr/include/libxml2
pkg_cv_LIBXML_LIBS=-lxml2
pkg_cv_LIBYAML_CFLAGS=
pkg_cv_LIBYAML_LIBS=-lyaml
pkg_cv_SECCOMP_CFLAGS=
pkg_cv_SECCOMP_LIBS=-lseccomp

## ----------------- ##
## Output variables. ##
## ----------------- ##

ACLOCAL='${SHELL} /home/yuanping/.vim/plugged/ctags/missing aclocal-1.15'
AMDEPBACKSLASH='\'
AMDEP_FALSE='#'
AMDEP_TRUE=''
AMTAR='$${TAR-tar}'
AM_BACKSLASH='\'
AM_DEFAULT_V='$(AM_DEFAULT_VERBOSITY)'
AM_DEFAULT_VERBOSITY='0'
AM_V='$(V)'
ASPELL_CFLAGS=''
ASPELL_LIBS=''
AUTOCONF='${SHELL} /home/yuanping/.vim/plugged/ctags/missing autoconf'
AUTOHEADER='${SHELL} /home/yuanping/.vim/plugged/ctags/missing autoheader'
AUTOMAKE='${SHELL} /home/yuanping/.vim/plugged/ctags/missing automake-1.15'
AWK='gawk'
BUILD_IN_GIT_REPO_FALSE='#'
BUILD_IN_GIT_REPO_TRUE=''
CC='gcc'
CCDEPMODE='depmode=gcc3'
CFLAGS='-g -O2'
CGCC_CFLAGS=''
COVERAGE_CFLAGS=''
COVERAGE_LDFLAGS=''
CPP='gcc -E'
CPPFLAGS=''
CTAGS_NAME_EXECUTABLE='ctags'
CYGPATH_W='echo'
DEBUG_CPPFLAGS='-DDEBUG'
DEFS='-DHAVE_CONFIG_H'
DEPDIR='.deps'
ECHO_C=''
ECHO_N='-n'
ECHO_T=''
EGREP='/usr/bin/grep -E'
ENABLE_DEBUGGING_FALSE=''
ENABLE_DEBUGGING_TRUE='#'
ETAGS_NAME_EXECUTABLE='etags'
EXEEXT=''
EXTRA_CFLAGS='-std=gnu99'
EXTRA_CPPFLAGS='-D_GNU_SOURCE -D__USE_GNU'
FNMATCH_CPPFLAGS=''
GIT='git'
GREP='/usr/bin/grep'
HAVE_FNMATCH_FALSE='#'
HAVE_FNMATCH_TRUE=''
HAVE_JANSSON_FALSE='#'
HAVE_JANSSON_TRUE=''
HAVE_LIBXML_FALSE='#'
HAVE_LIBXML_TRUE=''
HAVE_LIBYAML_FALSE='#'
HAVE_LIBYAML_TRUE=''
HAVE_REGCOMP_FALSE='#'
HAVE_REGCOMP_TRUE=''
HAVE_RST2MAN_FALSE=''
HAVE_RST2MAN_TRUE='#'
HAVE_TIMEOUT_FALSE='#'
HAVE_TIMEOUT_TRUE=''
ICONV_LIBS=''
INSTALL_DATA='${INSTALL} -m 644'
INSTALL_ETAGS_FALSE=''
INSTALL_ETAGS_TRUE='#'
INSTALL_LIB_FALSE=''
INSTALL_LIB_TRUE='#'
INSTALL_PROGRAM='${INSTALL}'
INSTALL_SCRIPT='${INSTALL}'
INSTALL_STRIP_PROGRAM='$(install_sh) -c -s'
JANSSON_CFLAGS=''
JANSSON_LIBS='-ljansson'
LDFLAGS=''
LIBOBJS=''
LIBS=''
LIBXML_CFLAGS='-I/usr/include/libxml2'
LIBXML_LIBS='-lxml2'
LIBYAML_CFLAGS=''
LIBYAML_LIBS='-lyaml'
LN_S='ln -s'
LTLIBOBJS=''
MAKEINFO='${SHELL} /home/yuanping/.vim/plugged/ctags/missing makeinfo'
MKDIR_P='/usr/bin/mkdir -p'
OBJEXT='o'
PACKAGE='universal-ctags'
PACKAGE_BUGREPORT=''
PACKAGE_NAME='universal-ctags'
PACKAGE_STRING='universal-ctags 0.0.0'
PACKAGE_TARNAME='universal-ctags'
PACKAGE_URL=''
PACKAGE_VERSION='0.0.0'
PATH_SEPARATOR=':'
PKG_CONFIG='/usr/bin/pkg-config'
PKG_CONFIG_LIBDIR=''
PKG_CONFIG_PATH=''
REAL_CC=''
REGCOMP_CPPFLAGS=''
RST2MAN='no'
RUN_OPTLIB2C_FALSE='#'
RUN_OPTLIB2C_TRUE=''
SECCOMP_CFLAGS=''
SECCOMP_LIBS='-lseccomp'
SET_MAKE=''
SHELL='/bin/sh'
STRIP='strip'
TESTING_TIMEOUT='timeout'
USE_READCMD_FALSE='#'
USE_READCMD_TRUE=''
VERSION='0.0.0'
WARNING_CFLAGS='-Wall'
ac_ct_CC='gcc'
am__EXEEXT_FALSE=''
am__EXEEXT_TRUE='#'
am__fastdepCC_FALSE='#'
am__fastdepCC_TRUE=''
am__include='include'
am__isrc=''
am__leading_dot='.'
am__nodep='_no'
am__quote=''
am__tar='tar --format=ustar -chf - "$$tardir"'
am__untar='tar -xf -'
bindir='${exec_prefix}/bin'
build='x86_64-pc-linux-gnu'
build_alias=''
build_cpu='x86_64'
build_os='linux-gnu'
build_vendor='pc'
datadir='${datarootdir}'
datarootdir='${prefix}/share'
docdir='${datarootdir}/doc/${PACKAGE_TARNAME}'
dvidir='${docdir}'
exec_prefix='${prefix}'
host='x86_64-pc-linux-gnu'
host_alias=''
host_cpu='x86_64'
host_os='linux-gnu'
host_vendor='pc'
htmldir='${docdir}'
includedir='${prefix}/include'
infodir='${datarootdir}/info'
install_sh='${SHELL} /home/yuanping/.vim/plugged/ctags/install-sh'
libdir='${exec_prefix}/lib'
libexecdir='${exec_prefix}/libexec'
localedir='${datarootdir}/locale'
localstatedir='${prefix}/var'
mandir='${datarootdir}/man'
mkdir_p='$(MKDIR_P)'
oldincludedir='/usr/include'
pdfdir='${docdir}'
perl_found='yes'
prefix='/usr/local'
program_transform_name='s,x,x,'
psdir='${docdir}'
sbindir='${exec_prefix}/sbin'
sharedstatedir='${prefix}/com'
sort_found='yes'
sysconfdir='${prefix}/etc'
target_alias=''

## ----------- ##
## confdefs.h. ##
## ----------- ##

/* confdefs.h */
#define PACKAGE_NAME "universal-ctags"
#define PACKAGE_TARNAME "universal-ctags"
#define PACKAGE_VERSION "0.0.0"
#define PACKAGE_STRING "universal-ctags 0.0.0"
#define PACKAGE_BUGREPORT ""
#define PACKAGE_URL ""
#define PACKAGE "universal-ctags"
#define VERSION "0.0.0"
#define DEFAULT_FILE_FORMAT 2
#define ETAGS "etags"
#define STDC_HEADERS 1
#define HAVE_SYS_TYPES_H 1
#define HAVE_SYS_STAT_H 1
#define HAVE_STDLIB_H 1
#define HAVE_STRING_H 1
#define HAVE_MEMORY_H 1
#define HAVE_STRINGS_H 1
#define HAVE_INTTYPES_H 1
#define HAVE_STDINT_H 1
#define HAVE_UNISTD_H 1
#define TMPDIR "/tmp"
#define EXTERNAL_SORT 1
#define HAVE_DIRENT_H 1
#define HAVE_ERRNO_H 1
#define HAVE_FCNTL_H 1
#define HAVE_LIMITS_H 1
#define HAVE_STDLIB_H 1
#define HAVE_STRING_H 1
#define HAVE_TIME_H 1
#define HAVE_UNISTD_H 1
#define HAVE_SYS_DIR_H 1
#define HAVE_SYS_STAT_H 1
#define HAVE_SYS_TIMES_H 1
#define HAVE_SYS_TYPES_H 1
#define HAVE_SYS_WAIT_H 1
#define HAVE_STDBOOL_H 1
#define USE_STDBOOL_H 1
#define HAVE_STAT_ST_INO 1
#define HAVE_FNMATCH 1
#define HAVE_FNMATCH_H 1
#define HAVE_ASPRINTF 1
#define HAVE_STRSTR 1
#define HAVE_STRCASECMP 1
#define HAVE_STRNCASECMP 1
#define HAVE_FGETPOS 1
#define HAVE_MKSTEMP 1
#define HAVE_OPENDIR 1
#define HAVE_STRERROR 1
#define HAVE_CLOCK 1
#define HAVE_REMOVE 1
#define HAVE_TRUNCATE 1
#define HAVE_SETENV 1
#define HAVE_REGCOMP 1
#define HAVE_SCANDIR 1
#define HAVE_DIRENT_H 1
#define HAVE_LIBXML 1
#define HAVE_JANSSON 1
#define HAVE_SECCOMP 1
#define HAVE_LIBYAML 1
#define HAVE_ICONV 1
#define HAVE_DECL___ENVIRON 1
#define HAVE_DECL__NSGETENVIRON 0
#define HAVE_MBLEN 1

configure: exit 0
